<?xml version="1.0" encoding="UTF-8"?>
<!-- Generated by org.testng.reporters.JUnitReportReporter -->
<testsuite hostname="DESKTOP-TT1GF3I" name="TestCases.signUpTest" tests="1" failures="0" timestamp="18 Jul 2021 23:57:22 GMT" time="11.370" errors="0">
  <testcase name="signUpTest" time="11.370" classname="TestCases.signUpTest"/>
</testsuite> <!-- TestCases.signUpTest -->
